
> booking@0.1.0 build C:\Users\Adrin\Documents\MyProjects\appointmentbooking-monorepo\apps\booking
> next build

  ▲ Next.js 14.2.33
  - Environments: .env
  - Experiments (use with caution):
    · optimizeCss
    · scrollRestoration
    · webpackBuildWorker

   Creating an optimized production build ...
 ✓ Compiled successfully
   Linting and checking validity of types ...
   Collecting page data ...
Error: `getRequestContext` and `getOptionalRequestContext` can only be run
inside the edge runtime, so please make sure to have included
`export const runtime = 'edge'` in all the routes using such functions
(regardless of whether they are used directly or indirectly through imports).
    at _ (C:\Users\Adrin\Documents\MyProjects\appointmentbooking-monorepo\apps\booking\.next\server\app\api\bookings\check-conflict\route.js:14:47115)
    at S (C:\Users\Adrin\Documents\MyProjects\appointmentbooking-monorepo\apps\booking\.next\server\app\api\bookings\check-conflict\route.js:19:34)
    at i4 (C:\Users\Adrin\Documents\MyProjects\appointmentbooking-monorepo\apps\booking\.next\server\app\api\bookings\check-conflict\route.js:14:42948)
    at 5125 (C:\Users\Adrin\Documents\MyProjects\appointmentbooking-monorepo\apps\booking\.next\server\app\api\bookings\check-conflict\route.js:14:44880)
    at t (C:\Users\Adrin\Documents\MyProjects\appointmentbooking-monorepo\apps\booking\.next\server\webpack-runtime.js:1:127)
    at i (C:\Users\Adrin\Documents\MyProjects\appointmentbooking-monorepo\apps\booking\.next\server\app\api\bookings\check-conflict\route.js:22:161)
    at C:\Users\Adrin\Documents\MyProjects\appointmentbooking-monorepo\apps\booking\.next\server\app\api\bookings\check-conflict\route.js:22:192
    at t.X (C:\Users\Adrin\Documents\MyProjects\appointmentbooking-monorepo\apps\booking\.next\server\webpack-runtime.js:1:1191)
    at C:\Users\Adrin\Documents\MyProjects\appointmentbooking-monorepo\apps\booking\.next\server\app\api\bookings\check-conflict\route.js:22:174
    at Object.<anonymous> (C:\Users\Adrin\Documents\MyProjects\appointmentbooking-monorepo\apps\booking\.next\server\app\api\bookings\check-conflict\route.js:22:219)

> Build error occurred
Error: Failed to collect page data for /api/bookings/check-conflict
    at C:\Users\Adrin\Documents\MyProjects\appointmentbooking-monorepo\node_modules\.pnpm\next@14.2.33_@babel+core@7._426bac2a5ee22cae0f1acefa3a14c006\node_modules\next\dist\build\utils.js:1269:15
    at process.processTicksAndRejections (node:internal/process/task_queues:105:5) {
  type: 'Error'
}
 ELIFECYCLE  Command failed with exit code 1.
