
> dashboard@0.1.0 build C:\Users\Adrin\Documents\MyProjects\appointmentbooking-monorepo\apps\dashboard
> cross-env NODE_OPTIONS='--max-old-space-size=8192' next build

  ▲ Next.js 14.2.35

   Creating an optimized production build ...
[baseline-browser-mapping] The data in this module is over two months old.  To ensure accurate Baseline data, please update: `npm i baseline-browser-mapping@latest -D`
 ✓ Compiled successfully
   Linting and checking validity of types ...
   Collecting page data ...
   Generating static pages (0/5) ...
   Generating static pages (1/5) 
   Generating static pages (2/5) 
   Generating static pages (3/5) 
 ✓ Generating static pages (5/5)
   Finalizing page optimization ...
   Collecting build traces ...

Route (app)                              Size     First Load JS
┌ ○ /                                    2.96 kB        90.3 kB
├ ○ /_not-found                          872 B          88.2 kB
└ ○ /schedules                           1.76 kB        89.1 kB
+ First Load JS shared by all            87.4 kB
  ├ chunks/645-28283f694cabbf93.js       31.8 kB
  ├ chunks/ac28ab58-dde9f922ec6c6af8.js  53.6 kB
  └ other shared chunks (total)          1.92 kB


○  (Static)  prerendered as static content

