
> marketing@0.1.0 build C:\Users\Adrin\Documents\MyProjects\appointmentbooking-monorepo\apps\marketing
> next build

  ▲ Next.js 14.2.33

   Creating an optimized production build ...
 ✓ Compiled successfully
   Linting and checking validity of types ...
   Collecting page data ...
   Generating static pages (0/4) ...
   Generating static pages (1/4) 
   Generating static pages (2/4) 
   Generating static pages (3/4) 
 ✓ Generating static pages (4/4)
   Finalizing page optimization ...
   Collecting build traces ...

Route (app)                              Size     First Load JS
┌ ○ /                                    142 B          87.3 kB
└ ○ /_not-found                          872 B          88.1 kB
+ First Load JS shared by all            87.2 kB
  ├ chunks/854-80e245ae5be277a0.js       31.7 kB
  ├ chunks/ce8598d4-fc52bb66bf38ee7c.js  53.6 kB
  └ other shared chunks (total)          1.84 kB


○  (Static)  prerendered as static content

